<?xml version="1.0" encoding="UTF-8"?>
<testng-results ignored="0" total="2" passed="1" failed="1" skipped="0">
  <reporter-output>
  </reporter-output>
  <suite started-at="2022-05-06T12:25:34 IST" name="Default suite" finished-at="2022-05-06T12:25:48 IST" duration-ms="13396">
    <groups>
    </groups>
    <test started-at="2022-05-06T12:25:34 IST" name="Default test" finished-at="2022-05-06T12:25:48 IST" duration-ms="13396">
      <class name="practice.SampleTestForAssert">
        <test-method is-config="true" signature="configBS()[pri:0, instance:practice.SampleTestForAssert@4d465b11]" started-at="2022-05-06T12:25:34 IST" name="configBS" finished-at="2022-05-06T12:25:34 IST" duration-ms="176" status="PASS">
          <reporter-output>
          </reporter-output>
        </test-method> <!-- configBS -->
        <test-method is-config="true" signature="configBC()[pri:0, instance:practice.SampleTestForAssert@4d465b11]" started-at="2022-05-06T12:25:34 IST" name="configBC" finished-at="2022-05-06T12:25:36 IST" duration-ms="1502" status="PASS">
          <reporter-output>
          </reporter-output>
        </test-method> <!-- configBC -->
        <test-method is-config="true" signature="configBM()[pri:0, instance:practice.SampleTestForAssert@4d465b11]" started-at="2022-05-06T12:25:36 IST" name="configBM" finished-at="2022-05-06T12:25:39 IST" duration-ms="3193" status="PASS">
          <reporter-output>
          </reporter-output>
        </test-method> <!-- configBM -->
        <test-method signature="verifyHomePage()[pri:0, instance:practice.SampleTestForAssert@4d465b11]" started-at="2022-05-06T12:25:39 IST" name="verifyHomePage" finished-at="2022-05-06T12:25:39 IST" duration-ms="9" status="FAIL">
          <exception class="java.lang.AssertionError">
            <message>
              <![CDATA[expected [B] but found [A]]]>
            </message>
            <full-stacktrace>
              <![CDATA[java.lang.AssertionError: expected [B] but found [A]
at org.testng.Assert.fail(Assert.java:99)
at org.testng.Assert.failNotEquals(Assert.java:1037)
at org.testng.Assert.assertEqualsImpl(Assert.java:140)
at org.testng.Assert.assertEquals(Assert.java:122)
at org.testng.Assert.assertEquals(Assert.java:629)
at org.testng.Assert.assertEquals(Assert.java:639)
at practice.SampleTestForAssert.verifyHomePage(SampleTestForAssert.java:25)
at java.base/jdk.internal.reflect.NativeMethodAccessorImpl.invoke0(Native Method)
at java.base/jdk.internal.reflect.NativeMethodAccessorImpl.invoke(NativeMethodAccessorImpl.java:77)
at java.base/jdk.internal.reflect.DelegatingMethodAccessorImpl.invoke(DelegatingMethodAccessorImpl.java:43)
at java.base/java.lang.reflect.Method.invoke(Method.java:568)
at org.testng.internal.MethodInvocationHelper.invokeMethod(MethodInvocationHelper.java:133)
at org.testng.internal.TestInvoker.invokeMethod(TestInvoker.java:598)
at org.testng.internal.TestInvoker.invokeTestMethod(TestInvoker.java:173)
at org.testng.internal.MethodRunner.runInSequence(MethodRunner.java:46)
at org.testng.internal.TestInvoker$MethodInvocationAgent.invoke(TestInvoker.java:824)
at org.testng.internal.TestInvoker.invokeTestMethods(TestInvoker.java:146)
at org.testng.internal.TestMethodWorker.invokeTestMethods(TestMethodWorker.java:146)
at org.testng.internal.TestMethodWorker.run(TestMethodWorker.java:128)
at java.base/java.util.ArrayList.forEach(ArrayList.java:1511)
at org.testng.TestRunner.privateRun(TestRunner.java:794)
at org.testng.TestRunner.run(TestRunner.java:596)
at org.testng.SuiteRunner.runTest(SuiteRunner.java:377)
at org.testng.SuiteRunner.runSequentially(SuiteRunner.java:371)
at org.testng.SuiteRunner.privateRun(SuiteRunner.java:332)
at org.testng.SuiteRunner.run(SuiteRunner.java:276)
at org.testng.SuiteRunnerWorker.runSuite(SuiteRunnerWorker.java:53)
at org.testng.SuiteRunnerWorker.run(SuiteRunnerWorker.java:96)
at org.testng.TestNG.runSuitesSequentially(TestNG.java:1212)
at org.testng.TestNG.runSuitesLocally(TestNG.java:1134)
at org.testng.TestNG.runSuites(TestNG.java:1063)
at org.testng.TestNG.run(TestNG.java:1031)
at org.testng.remote.AbstractRemoteTestNG.run(AbstractRemoteTestNG.java:115)
at org.testng.remote.RemoteTestNG.initAndRun(RemoteTestNG.java:251)
at org.testng.remote.RemoteTestNG.main(RemoteTestNG.java:77)
]]>
            </full-stacktrace>
          </exception> <!-- java.lang.AssertionError -->
          <reporter-output>
          </reporter-output>
        </test-method> <!-- verifyHomePage -->
        <test-method is-config="true" signature="configAM()[pri:0, instance:practice.SampleTestForAssert@4d465b11]" started-at="2022-05-06T12:25:39 IST" name="configAM" finished-at="2022-05-06T12:25:42 IST" duration-ms="2717" status="PASS">
          <reporter-output>
          </reporter-output>
        </test-method> <!-- configAM -->
        <test-method is-config="true" signature="configBM()[pri:0, instance:practice.SampleTestForAssert@4d465b11]" started-at="2022-05-06T12:25:42 IST" name="configBM" finished-at="2022-05-06T12:25:44 IST" duration-ms="2398" status="PASS">
          <reporter-output>
          </reporter-output>
        </test-method> <!-- configBM -->
        <test-method signature="verifyLogoInhomePage()[pri:0, instance:practice.SampleTestForAssert@4d465b11]" started-at="2022-05-06T12:25:44 IST" name="verifyLogoInhomePage" finished-at="2022-05-06T12:25:44 IST" duration-ms="2" status="PASS">
          <reporter-output>
          </reporter-output>
        </test-method> <!-- verifyLogoInhomePage -->
        <test-method is-config="true" signature="configAM()[pri:0, instance:practice.SampleTestForAssert@4d465b11]" started-at="2022-05-06T12:25:44 IST" name="configAM" finished-at="2022-05-06T12:25:47 IST" duration-ms="2922" status="PASS">
          <reporter-output>
          </reporter-output>
        </test-method> <!-- configAM -->
        <test-method is-config="true" signature="configAC()[pri:0, instance:practice.SampleTestForAssert@4d465b11]" started-at="2022-05-06T12:25:47 IST" name="configAC" finished-at="2022-05-06T12:25:48 IST" duration-ms="429" status="PASS">
          <reporter-output>
          </reporter-output>
        </test-method> <!-- configAC -->
        <test-method is-config="true" signature="configAS()[pri:0, instance:practice.SampleTestForAssert@4d465b11]" started-at="2022-05-06T12:25:48 IST" name="configAS" finished-at="2022-05-06T12:25:48 IST" duration-ms="7" status="PASS">
          <reporter-output>
          </reporter-output>
        </test-method> <!-- configAS -->
      </class> <!-- practice.SampleTestForAssert -->
    </test> <!-- Default test -->
  </suite> <!-- Default suite -->
</testng-results>
